<component name="libraryTable">
  <library name="junit-jupiter-api-5.9.2">
    <CLASSES>
      <root url="jar://$PROJECT_DIR$/../../junit-jupiter-api-5.9.2.jar!/" />
      <root url="jar://$PROJECT_DIR$/../../junit-platform-engine-1.9.2.jar!/" />
      <root url="jar://$PROJECT_DIR$/../../junit-platform-commons-1.9.2.jar!/" />
    </CLASSES>
    <JAVADOC />
    <SOURCES />
  </library>
</component>